<?xml version="1.0" encoding="UTF-8"?>
<testng-results ignored="0" total="1" passed="0" failed="1" skipped="0">
  <reporter-output>
    <line>
      <![CDATA[connection to the server ]]>
    </line>
    <line>
      <![CDATA[connect to data base]]>
    </line>
    <line>
      <![CDATA[Crome got launched successfully]]>
    </line>
    <line>
      <![CDATA[log in]]>
    </line>
    <line>
      <![CDATA[log out]]>
    </line>
    <line>
      <![CDATA[close the browser]]>
    </line>
    <line>
      <![CDATA[disconnect to data base]]>
    </line>
    <line>
      <![CDATA[disconnect to the server]]>
    </line>
  </reporter-output>
  <suite started-at="2024-02-12T15:53:02 IST" name="Default suite" finished-at="2024-02-12T15:54:18 IST" duration-ms="76554">
    <groups>
    </groups>
    <test started-at="2024-02-12T15:53:02 IST" name="Default test" finished-at="2024-02-12T15:54:18 IST" duration-ms="76554">
      <class name="TestScript.ShoppingCartTest">
        <test-method is-config="true" signature="beforeSuite()[pri:0, instance:TestScript.ShoppingCartTest@385c9627]" started-at="2024-02-12T15:53:02 IST" name="beforeSuite" finished-at="2024-02-12T15:53:02 IST" duration-ms="19" status="PASS">
          <reporter-output>
            <line>
              <![CDATA[connection to the server ]]>
            </line>
          </reporter-output>
        </test-method> <!-- beforeSuite -->
        <test-method is-config="true" signature="beforeTest()[pri:0, instance:TestScript.ShoppingCartTest@385c9627]" started-at="2024-02-12T15:53:02 IST" name="beforeTest" finished-at="2024-02-12T15:53:02 IST" duration-ms="1" status="PASS">
          <reporter-output>
            <line>
              <![CDATA[connect to data base]]>
            </line>
          </reporter-output>
        </test-method> <!-- beforeTest -->
        <test-method is-config="true" signature="beforeClass()[pri:0, instance:TestScript.ShoppingCartTest@385c9627]" started-at="2024-02-12T15:53:02 IST" name="beforeClass" finished-at="2024-02-12T15:53:12 IST" duration-ms="9893" status="PASS">
          <reporter-output>
            <line>
              <![CDATA[Crome got launched successfully]]>
            </line>
          </reporter-output>
        </test-method> <!-- beforeClass -->
        <test-method is-config="true" signature="beforeMethod()[pri:0, instance:TestScript.ShoppingCartTest@385c9627]" started-at="2024-02-12T15:53:12 IST" name="beforeMethod" finished-at="2024-02-12T15:53:28 IST" duration-ms="16466" status="PASS">
          <reporter-output>
            <line>
              <![CDATA[log in]]>
            </line>
          </reporter-output>
        </test-method> <!-- beforeMethod -->
        <test-method signature="testCase01()[pri:0, instance:TestScript.ShoppingCartTest@385c9627]" started-at="2024-02-12T15:53:28 IST" name="testCase01" finished-at="2024-02-12T15:54:15 IST" duration-ms="46985" status="FAIL">
          <exception class="org.openqa.selenium.NoSuchElementException">
            <message>
              <![CDATA[no such element: Unable to locate element: {"method":"xpath","selector":"(//input[@value='Continue' and @type='button'])[1]"}
  (Session info: chrome=121.0.6167.140)
For documentation on this error, please visit: https://www.selenium.dev/documentation/webdriver/troubleshooting/errors#no-such-element-exception
Build info: version: '4.12.0', revision: '249f2a7d1b*'
System info: os.name: 'Windows 10', os.arch: 'amd64', os.version: '10.0', java.version: '17.0.7'
Driver info: org.openqa.selenium.chrome.ChromeDriver
Command: [11cf118ee461bd78163ce0378947989e, findElement {using=xpath, value=(//input[@value='Continue' and @type='button'])[1]}]
Capabilities {acceptInsecureCerts: false, browserName: chrome, browserVersion: 121.0.6167.140, chrome: {chromedriverVersion: 121.0.6167.85 (3f98d690ad7e..., userDataDir: C:\Users\nehas\AppData\Loca...}, fedcm:accounts: true, goog:chromeOptions: {debuggerAddress: localhost:53880}, networkConnectionEnabled: false, pageLoadStrategy: normal, platformName: windows, proxy: Proxy(), se:cdp: ws://localhost:53880/devtoo..., se:cdpVersion: 121.0.6167.140, setWindowRect: true, strictFileInteractability: false, timeouts: {implicit: 0, pageLoad: 300000, script: 30000}, unhandledPromptBehavior: dismiss and notify, webauthn:extension:credBlob: true, webauthn:extension:largeBlob: true, webauthn:extension:minPinLength: true, webauthn:extension:prf: true, webauthn:virtualAuthenticators: true}
Session ID: 11cf118ee461bd78163ce0378947989e]]>
            </message>
            <full-stacktrace>
              <![CDATA[org.openqa.selenium.NoSuchElementException: no such element: Unable to locate element: {"method":"xpath","selector":"(//input[@value='Continue' and @type='button'])[1]"}
  (Session info: chrome=121.0.6167.140)
For documentation on this error, please visit: https://www.selenium.dev/documentation/webdriver/troubleshooting/errors#no-such-element-exception
Build info: version: '4.12.0', revision: '249f2a7d1b*'
System info: os.name: 'Windows 10', os.arch: 'amd64', os.version: '10.0', java.version: '17.0.7'
Driver info: org.openqa.selenium.chrome.ChromeDriver
Command: [11cf118ee461bd78163ce0378947989e, findElement {using=xpath, value=(//input[@value='Continue' and @type='button'])[1]}]
Capabilities {acceptInsecureCerts: false, browserName: chrome, browserVersion: 121.0.6167.140, chrome: {chromedriverVersion: 121.0.6167.85 (3f98d690ad7e..., userDataDir: C:\Users\nehas\AppData\Loca...}, fedcm:accounts: true, goog:chromeOptions: {debuggerAddress: localhost:53880}, networkConnectionEnabled: false, pageLoadStrategy: normal, platformName: windows, proxy: Proxy(), se:cdp: ws://localhost:53880/devtoo..., se:cdpVersion: 121.0.6167.140, setWindowRect: true, strictFileInteractability: false, timeouts: {implicit: 0, pageLoad: 300000, script: 30000}, unhandledPromptBehavior: dismiss and notify, webauthn:extension:credBlob: true, webauthn:extension:largeBlob: true, webauthn:extension:minPinLength: true, webauthn:extension:prf: true, webauthn:virtualAuthenticators: true}
Session ID: 11cf118ee461bd78163ce0378947989e
at java.base/jdk.internal.reflect.NativeConstructorAccessorImpl.newInstance0(Native Method)
at java.base/jdk.internal.reflect.NativeConstructorAccessorImpl.newInstance(NativeConstructorAccessorImpl.java:77)
at java.base/jdk.internal.reflect.DelegatingConstructorAccessorImpl.newInstance(DelegatingConstructorAccessorImpl.java:45)
at java.base/java.lang.reflect.Constructor.newInstanceWithCaller(Constructor.java:499)
at java.base/java.lang.reflect.Constructor.newInstance(Constructor.java:480)
at org.openqa.selenium.remote.codec.w3c.W3CHttpResponseCodec.createException(W3CHttpResponseCodec.java:200)
at org.openqa.selenium.remote.codec.w3c.W3CHttpResponseCodec.decode(W3CHttpResponseCodec.java:133)
at org.openqa.selenium.remote.codec.w3c.W3CHttpResponseCodec.decode(W3CHttpResponseCodec.java:52)
at org.openqa.selenium.remote.HttpCommandExecutor.execute(HttpCommandExecutor.java:191)
at org.openqa.selenium.remote.service.DriverCommandExecutor.invokeExecute(DriverCommandExecutor.java:196)
at org.openqa.selenium.remote.service.DriverCommandExecutor.execute(DriverCommandExecutor.java:171)
at org.openqa.selenium.remote.RemoteWebDriver.execute(RemoteWebDriver.java:602)
at org.openqa.selenium.remote.ElementLocation$ElementFinder$2.findElement(ElementLocation.java:165)
at org.openqa.selenium.remote.ElementLocation.findElement(ElementLocation.java:59)
at org.openqa.selenium.remote.RemoteWebDriver.findElement(RemoteWebDriver.java:359)
at org.openqa.selenium.remote.RemoteWebDriver.findElement(RemoteWebDriver.java:353)
at org.openqa.selenium.support.pagefactory.DefaultElementLocator.findElement(DefaultElementLocator.java:68)
at org.openqa.selenium.support.pagefactory.internal.LocatingElementHandler.invoke(LocatingElementHandler.java:38)
at jdk.proxy2/jdk.proxy2.$Proxy22.click(Unknown Source)
at TestScript.ShoppingCartTest.testCase01(ShoppingCartTest.java:25)
at java.base/jdk.internal.reflect.NativeMethodAccessorImpl.invoke0(Native Method)
at java.base/jdk.internal.reflect.NativeMethodAccessorImpl.invoke(NativeMethodAccessorImpl.java:77)
at java.base/jdk.internal.reflect.DelegatingMethodAccessorImpl.invoke(DelegatingMethodAccessorImpl.java:43)
at java.base/java.lang.reflect.Method.invoke(Method.java:568)
at org.testng.internal.invokers.MethodInvocationHelper.invokeMethod(MethodInvocationHelper.java:139)
at org.testng.internal.invokers.TestInvoker.invokeMethod(TestInvoker.java:677)
at org.testng.internal.invokers.TestInvoker.invokeTestMethod(TestInvoker.java:221)
at org.testng.internal.invokers.MethodRunner.runInSequence(MethodRunner.java:50)
at org.testng.internal.invokers.TestInvoker$MethodInvocationAgent.invoke(TestInvoker.java:969)
at org.testng.internal.invokers.TestInvoker.invokeTestMethods(TestInvoker.java:194)
at org.testng.internal.invokers.TestMethodWorker.invokeTestMethods(TestMethodWorker.java:148)
at org.testng.internal.invokers.TestMethodWorker.run(TestMethodWorker.java:128)
at java.base/java.util.ArrayList.forEach(ArrayList.java:1511)
at org.testng.TestRunner.privateRun(TestRunner.java:829)
at org.testng.TestRunner.run(TestRunner.java:602)
at org.testng.SuiteRunner.runTest(SuiteRunner.java:437)
at org.testng.SuiteRunner.runSequentially(SuiteRunner.java:431)
at org.testng.SuiteRunner.privateRun(SuiteRunner.java:391)
at org.testng.SuiteRunner.run(SuiteRunner.java:330)
at org.testng.SuiteRunnerWorker.runSuite(SuiteRunnerWorker.java:52)
at org.testng.SuiteRunnerWorker.run(SuiteRunnerWorker.java:95)
at org.testng.TestNG.runSuitesSequentially(TestNG.java:1256)
at org.testng.TestNG.runSuitesLocally(TestNG.java:1176)
at org.testng.TestNG.runSuites(TestNG.java:1099)
at org.testng.TestNG.run(TestNG.java:1067)
at org.testng.remote.AbstractRemoteTestNG.run(AbstractRemoteTestNG.java:115)
at org.testng.remote.RemoteTestNG.initAndRun(RemoteTestNG.java:251)
at org.testng.remote.RemoteTestNG.main(RemoteTestNG.java:77)
]]>
            </full-stacktrace>
          </exception> <!-- org.openqa.selenium.NoSuchElementException -->
          <reporter-output>
          </reporter-output>
        </test-method> <!-- testCase01 -->
        <test-method is-config="true" signature="aftermethod()[pri:0, instance:TestScript.ShoppingCartTest@385c9627]" started-at="2024-02-12T15:54:15 IST" name="aftermethod" finished-at="2024-02-12T15:54:18 IST" duration-ms="2531" status="PASS">
          <reporter-output>
            <line>
              <![CDATA[log out]]>
            </line>
          </reporter-output>
        </test-method> <!-- aftermethod -->
        <test-method is-config="true" signature="afterClass()[pri:0, instance:TestScript.ShoppingCartTest@385c9627]" started-at="2024-02-12T15:54:18 IST" name="afterClass" finished-at="2024-02-12T15:54:18 IST" duration-ms="554" status="PASS">
          <reporter-output>
            <line>
              <![CDATA[close the browser]]>
            </line>
          </reporter-output>
        </test-method> <!-- afterClass -->
        <test-method is-config="true" signature="afterTest()[pri:0, instance:TestScript.ShoppingCartTest@385c9627]" started-at="2024-02-12T15:54:18 IST" name="afterTest" finished-at="2024-02-12T15:54:18 IST" duration-ms="1" status="PASS">
          <reporter-output>
            <line>
              <![CDATA[disconnect to data base]]>
            </line>
          </reporter-output>
        </test-method> <!-- afterTest -->
        <test-method is-config="true" signature="afterSuite()[pri:0, instance:TestScript.ShoppingCartTest@385c9627]" started-at="2024-02-12T15:54:19 IST" name="afterSuite" finished-at="2024-02-12T15:54:19 IST" duration-ms="0" status="PASS">
          <reporter-output>
            <line>
              <![CDATA[disconnect to the server]]>
            </line>
          </reporter-output>
        </test-method> <!-- afterSuite -->
      </class> <!-- TestScript.ShoppingCartTest -->
    </test> <!-- Default test -->
  </suite> <!-- Default suite -->
</testng-results>
